mode: set
github.com/mrsubudei/chat-bot-backend/appointment-service/internal/repository/postgres/events.go:17.44,19.2 1 1
github.com/mrsubudei/chat-bot-backend/appointment-service/internal/repository/postgres/events.go:21.84,26.16 2 1
github.com/mrsubudei/chat-bot-backend/appointment-service/internal/repository/postgres/events.go:30.2,31.29 2 1
github.com/mrsubudei/chat-bot-backend/appointment-service/internal/repository/postgres/events.go:35.2,35.12 1 1
github.com/mrsubudei/chat-bot-backend/appointment-service/internal/repository/postgres/events.go:26.16,28.3 1 0
github.com/mrsubudei/chat-bot-backend/appointment-service/internal/repository/postgres/events.go:31.29,33.3 1 0
github.com/mrsubudei/chat-bot-backend/appointment-service/internal/repository/postgres/events.go:38.93,43.16 4 1
github.com/mrsubudei/chat-bot-backend/appointment-service/internal/repository/postgres/events.go:46.2,49.50 3 1
github.com/mrsubudei/chat-bot-backend/appointment-service/internal/repository/postgres/events.go:55.2,55.36 1 1
github.com/mrsubudei/chat-bot-backend/appointment-service/internal/repository/postgres/events.go:59.2,59.20 1 1
github.com/mrsubudei/chat-bot-backend/appointment-service/internal/repository/postgres/events.go:43.16,45.3 1 0
github.com/mrsubudei/chat-bot-backend/appointment-service/internal/repository/postgres/events.go:49.50,51.3 1 0
github.com/mrsubudei/chat-bot-backend/appointment-service/internal/repository/postgres/events.go:51.8,51.23 1 1
github.com/mrsubudei/chat-bot-backend/appointment-service/internal/repository/postgres/events.go:51.23,53.3 1 1
github.com/mrsubudei/chat-bot-backend/appointment-service/internal/repository/postgres/events.go:55.36,57.3 1 0
github.com/mrsubudei/chat-bot-backend/appointment-service/internal/repository/postgres/events.go:64.26,77.35 6 1
github.com/mrsubudei/chat-bot-backend/appointment-service/internal/repository/postgres/events.go:82.2,84.20 2 1
github.com/mrsubudei/chat-bot-backend/appointment-service/internal/repository/postgres/events.go:77.35,79.3 1 0
github.com/mrsubudei/chat-bot-backend/appointment-service/internal/repository/postgres/events.go:79.8,79.23 1 1
github.com/mrsubudei/chat-bot-backend/appointment-service/internal/repository/postgres/events.go:79.23,81.3 1 1
github.com/mrsubudei/chat-bot-backend/appointment-service/internal/repository/postgres/events.go:89.26,91.16 2 1
github.com/mrsubudei/chat-bot-backend/appointment-service/internal/repository/postgres/events.go:94.2,97.50 3 1
github.com/mrsubudei/chat-bot-backend/appointment-service/internal/repository/postgres/events.go:103.2,103.23 1 1
github.com/mrsubudei/chat-bot-backend/appointment-service/internal/repository/postgres/events.go:106.2,106.26 1 1
github.com/mrsubudei/chat-bot-backend/appointment-service/internal/repository/postgres/events.go:109.2,109.24 1 1
github.com/mrsubudei/chat-bot-backend/appointment-service/internal/repository/postgres/events.go:113.2,121.16 3 1
github.com/mrsubudei/chat-bot-backend/appointment-service/internal/repository/postgres/events.go:125.2,126.29 2 1
github.com/mrsubudei/chat-bot-backend/appointment-service/internal/repository/postgres/events.go:130.2,131.16 2 1
github.com/mrsubudei/chat-bot-backend/appointment-service/internal/repository/postgres/events.go:135.2,135.36 1 1
github.com/mrsubudei/chat-bot-backend/appointment-service/internal/repository/postgres/events.go:139.2,139.21 1 1
github.com/mrsubudei/chat-bot-backend/appointment-service/internal/repository/postgres/events.go:91.16,93.3 1 0
github.com/mrsubudei/chat-bot-backend/appointment-service/internal/repository/postgres/events.go:97.50,99.3 1 0
github.com/mrsubudei/chat-bot-backend/appointment-service/internal/repository/postgres/events.go:99.8,99.23 1 1
github.com/mrsubudei/chat-bot-backend/appointment-service/internal/repository/postgres/events.go:99.23,101.3 1 0
github.com/mrsubudei/chat-bot-backend/appointment-service/internal/repository/postgres/events.go:103.23,105.3 1 0
github.com/mrsubudei/chat-bot-backend/appointment-service/internal/repository/postgres/events.go:106.26,108.3 1 0
github.com/mrsubudei/chat-bot-backend/appointment-service/internal/repository/postgres/events.go:109.24,111.3 1 0
github.com/mrsubudei/chat-bot-backend/appointment-service/internal/repository/postgres/events.go:121.16,123.3 1 1
github.com/mrsubudei/chat-bot-backend/appointment-service/internal/repository/postgres/events.go:126.29,128.3 1 0
github.com/mrsubudei/chat-bot-backend/appointment-service/internal/repository/postgres/events.go:131.16,133.3 1 0
github.com/mrsubudei/chat-bot-backend/appointment-service/internal/repository/postgres/events.go:135.36,137.3 1 0
github.com/mrsubudei/chat-bot-backend/appointment-service/internal/repository/postgres/events.go:142.73,147.16 2 1
github.com/mrsubudei/chat-bot-backend/appointment-service/internal/repository/postgres/events.go:151.2,152.29 2 1
github.com/mrsubudei/chat-bot-backend/appointment-service/internal/repository/postgres/events.go:156.2,156.12 1 1
github.com/mrsubudei/chat-bot-backend/appointment-service/internal/repository/postgres/events.go:147.16,149.3 1 0
github.com/mrsubudei/chat-bot-backend/appointment-service/internal/repository/postgres/events.go:152.29,154.3 1 0
github.com/mrsubudei/chat-bot-backend/appointment-service/internal/repository/postgres/events.go:159.82,166.16 3 1
github.com/mrsubudei/chat-bot-backend/appointment-service/internal/repository/postgres/events.go:169.2,172.16 3 1
github.com/mrsubudei/chat-bot-backend/appointment-service/internal/repository/postgres/events.go:176.2,176.18 1 1
github.com/mrsubudei/chat-bot-backend/appointment-service/internal/repository/postgres/events.go:187.2,187.21 1 1
github.com/mrsubudei/chat-bot-backend/appointment-service/internal/repository/postgres/events.go:166.16,168.3 1 0
github.com/mrsubudei/chat-bot-backend/appointment-service/internal/repository/postgres/events.go:172.16,174.3 1 0
github.com/mrsubudei/chat-bot-backend/appointment-service/internal/repository/postgres/events.go:176.18,180.17 4 1
github.com/mrsubudei/chat-bot-backend/appointment-service/internal/repository/postgres/events.go:183.3,184.36 2 1
github.com/mrsubudei/chat-bot-backend/appointment-service/internal/repository/postgres/events.go:180.17,182.4 1 0
github.com/mrsubudei/chat-bot-backend/appointment-service/internal/repository/postgres/events.go:190.100,194.16 3 1
github.com/mrsubudei/chat-bot-backend/appointment-service/internal/repository/postgres/events.go:197.2,199.76 2 1
github.com/mrsubudei/chat-bot-backend/appointment-service/internal/repository/postgres/events.go:206.2,210.16 2 1
github.com/mrsubudei/chat-bot-backend/appointment-service/internal/repository/postgres/events.go:213.2,215.27 2 1
github.com/mrsubudei/chat-bot-backend/appointment-service/internal/repository/postgres/events.go:226.2,227.16 2 1
github.com/mrsubudei/chat-bot-backend/appointment-service/internal/repository/postgres/events.go:231.2,231.18 1 1
github.com/mrsubudei/chat-bot-backend/appointment-service/internal/repository/postgres/events.go:194.16,196.3 1 0
github.com/mrsubudei/chat-bot-backend/appointment-service/internal/repository/postgres/events.go:199.76,200.51 1 1
github.com/mrsubudei/chat-bot-backend/appointment-service/internal/repository/postgres/events.go:203.3,203.66 1 1
github.com/mrsubudei/chat-bot-backend/appointment-service/internal/repository/postgres/events.go:200.51,202.4 1 0
github.com/mrsubudei/chat-bot-backend/appointment-service/internal/repository/postgres/events.go:210.16,212.3 1 0
github.com/mrsubudei/chat-bot-backend/appointment-service/internal/repository/postgres/events.go:215.27,217.17 2 1
github.com/mrsubudei/chat-bot-backend/appointment-service/internal/repository/postgres/events.go:220.3,221.34 2 1
github.com/mrsubudei/chat-bot-backend/appointment-service/internal/repository/postgres/events.go:217.17,219.4 1 0
github.com/mrsubudei/chat-bot-backend/appointment-service/internal/repository/postgres/events.go:221.34,223.4 1 0
github.com/mrsubudei/chat-bot-backend/appointment-service/internal/repository/postgres/events.go:227.16,229.3 1 0
github.com/mrsubudei/chat-bot-backend/appointment-service/internal/repository/postgres/events.go:236.22,242.16 3 1
github.com/mrsubudei/chat-bot-backend/appointment-service/internal/repository/postgres/events.go:245.2,246.27 2 1
github.com/mrsubudei/chat-bot-backend/appointment-service/internal/repository/postgres/events.go:260.2,260.18 1 1
github.com/mrsubudei/chat-bot-backend/appointment-service/internal/repository/postgres/events.go:242.16,244.3 1 0
github.com/mrsubudei/chat-bot-backend/appointment-service/internal/repository/postgres/events.go:246.27,248.17 2 1
github.com/mrsubudei/chat-bot-backend/appointment-service/internal/repository/postgres/events.go:251.3,253.17 3 1
github.com/mrsubudei/chat-bot-backend/appointment-service/internal/repository/postgres/events.go:256.3,256.12 1 1
github.com/mrsubudei/chat-bot-backend/appointment-service/internal/repository/postgres/events.go:248.17,250.4 1 0
github.com/mrsubudei/chat-bot-backend/appointment-service/internal/repository/postgres/events.go:253.17,255.4 1 1
github.com/mrsubudei/chat-bot-backend/appointment-service/internal/repository/postgres/events.go:256.12,258.4 1 0
github.com/mrsubudei/chat-bot-backend/appointment-service/internal/repository/postgres/events.go:265.27,273.16 3 1
github.com/mrsubudei/chat-bot-backend/appointment-service/internal/repository/postgres/events.go:276.2,278.18 2 1
github.com/mrsubudei/chat-bot-backend/appointment-service/internal/repository/postgres/events.go:288.2,288.20 1 1
github.com/mrsubudei/chat-bot-backend/appointment-service/internal/repository/postgres/events.go:273.16,275.3 1 0
github.com/mrsubudei/chat-bot-backend/appointment-service/internal/repository/postgres/events.go:278.18,281.17 3 1
github.com/mrsubudei/chat-bot-backend/appointment-service/internal/repository/postgres/events.go:285.3,285.33 1 1
github.com/mrsubudei/chat-bot-backend/appointment-service/internal/repository/postgres/events.go:281.17,283.4 1 0
github.com/mrsubudei/chat-bot-backend/appointment-service/internal/repository/postgres/events.go:293.27,301.16 3 1
github.com/mrsubudei/chat-bot-backend/appointment-service/internal/repository/postgres/events.go:304.2,306.18 2 1
github.com/mrsubudei/chat-bot-backend/appointment-service/internal/repository/postgres/events.go:317.2,317.20 1 1
github.com/mrsubudei/chat-bot-backend/appointment-service/internal/repository/postgres/events.go:301.16,303.3 1 0
github.com/mrsubudei/chat-bot-backend/appointment-service/internal/repository/postgres/events.go:306.18,310.17 3 1
github.com/mrsubudei/chat-bot-backend/appointment-service/internal/repository/postgres/events.go:314.3,314.33 1 1
github.com/mrsubudei/chat-bot-backend/appointment-service/internal/repository/postgres/events.go:310.17,312.4 1 0
github.com/mrsubudei/chat-bot-backend/appointment-service/internal/repository/postgres/events.go:322.27,330.16 3 1
github.com/mrsubudei/chat-bot-backend/appointment-service/internal/repository/postgres/events.go:333.2,335.18 2 1
github.com/mrsubudei/chat-bot-backend/appointment-service/internal/repository/postgres/events.go:346.2,346.20 1 1
github.com/mrsubudei/chat-bot-backend/appointment-service/internal/repository/postgres/events.go:330.16,332.3 1 0
github.com/mrsubudei/chat-bot-backend/appointment-service/internal/repository/postgres/events.go:335.18,339.17 3 1
github.com/mrsubudei/chat-bot-backend/appointment-service/internal/repository/postgres/events.go:343.3,343.33 1 1
github.com/mrsubudei/chat-bot-backend/appointment-service/internal/repository/postgres/events.go:339.17,341.4 1 0
github.com/mrsubudei/chat-bot-backend/appointment-service/internal/repository/postgres/events.go:351.27,359.16 3 1
github.com/mrsubudei/chat-bot-backend/appointment-service/internal/repository/postgres/events.go:362.2,364.18 2 1
github.com/mrsubudei/chat-bot-backend/appointment-service/internal/repository/postgres/events.go:375.2,375.20 1 1
github.com/mrsubudei/chat-bot-backend/appointment-service/internal/repository/postgres/events.go:359.16,361.3 1 0
github.com/mrsubudei/chat-bot-backend/appointment-service/internal/repository/postgres/events.go:364.18,368.17 3 1
github.com/mrsubudei/chat-bot-backend/appointment-service/internal/repository/postgres/events.go:372.3,372.33 1 1
github.com/mrsubudei/chat-bot-backend/appointment-service/internal/repository/postgres/events.go:368.17,370.4 1 0
github.com/mrsubudei/chat-bot-backend/appointment-service/internal/repository/postgres/events.go:378.106,390.35 6 1
github.com/mrsubudei/chat-bot-backend/appointment-service/internal/repository/postgres/events.go:395.2,397.19 2 1
github.com/mrsubudei/chat-bot-backend/appointment-service/internal/repository/postgres/events.go:390.35,392.3 1 0
github.com/mrsubudei/chat-bot-backend/appointment-service/internal/repository/postgres/events.go:392.8,392.23 1 1
github.com/mrsubudei/chat-bot-backend/appointment-service/internal/repository/postgres/events.go:392.23,394.3 1 1
github.com/mrsubudei/chat-bot-backend/appointment-service/internal/repository/postgres/events.go:400.98,403.16 3 1
github.com/mrsubudei/chat-bot-backend/appointment-service/internal/repository/postgres/events.go:406.2,409.49 3 1
github.com/mrsubudei/chat-bot-backend/appointment-service/internal/repository/postgres/events.go:415.2,415.25 1 1
github.com/mrsubudei/chat-bot-backend/appointment-service/internal/repository/postgres/events.go:419.2,426.16 3 1
github.com/mrsubudei/chat-bot-backend/appointment-service/internal/repository/postgres/events.go:430.2,431.29 2 1
github.com/mrsubudei/chat-bot-backend/appointment-service/internal/repository/postgres/events.go:435.2,436.16 2 1
github.com/mrsubudei/chat-bot-backend/appointment-service/internal/repository/postgres/events.go:440.2,441.16 2 1
github.com/mrsubudei/chat-bot-backend/appointment-service/internal/repository/postgres/events.go:445.2,445.18 1 1
github.com/mrsubudei/chat-bot-backend/appointment-service/internal/repository/postgres/events.go:403.16,405.3 1 0
github.com/mrsubudei/chat-bot-backend/appointment-service/internal/repository/postgres/events.go:409.49,411.3 1 1
github.com/mrsubudei/chat-bot-backend/appointment-service/internal/repository/postgres/events.go:411.8,411.23 1 1
github.com/mrsubudei/chat-bot-backend/appointment-service/internal/repository/postgres/events.go:411.23,413.3 1 0
github.com/mrsubudei/chat-bot-backend/appointment-service/internal/repository/postgres/events.go:415.25,417.3 1 0
github.com/mrsubudei/chat-bot-backend/appointment-service/internal/repository/postgres/events.go:426.16,428.3 1 0
github.com/mrsubudei/chat-bot-backend/appointment-service/internal/repository/postgres/events.go:431.29,433.3 1 0
github.com/mrsubudei/chat-bot-backend/appointment-service/internal/repository/postgres/events.go:436.16,438.3 1 0
github.com/mrsubudei/chat-bot-backend/appointment-service/internal/repository/postgres/events.go:441.16,443.3 1 0
github.com/mrsubudei/chat-bot-backend/appointment-service/internal/repository/postgres/events.go:448.81,450.16 2 1
github.com/mrsubudei/chat-bot-backend/appointment-service/internal/repository/postgres/events.go:453.2,456.49 3 1
github.com/mrsubudei/chat-bot-backend/appointment-service/internal/repository/postgres/events.go:461.2,461.25 1 1
github.com/mrsubudei/chat-bot-backend/appointment-service/internal/repository/postgres/events.go:465.2,472.16 3 1
github.com/mrsubudei/chat-bot-backend/appointment-service/internal/repository/postgres/events.go:476.2,477.29 2 1
github.com/mrsubudei/chat-bot-backend/appointment-service/internal/repository/postgres/events.go:481.2,482.16 2 1
github.com/mrsubudei/chat-bot-backend/appointment-service/internal/repository/postgres/events.go:486.2,486.12 1 1
github.com/mrsubudei/chat-bot-backend/appointment-service/internal/repository/postgres/events.go:450.16,452.3 1 0
github.com/mrsubudei/chat-bot-backend/appointment-service/internal/repository/postgres/events.go:456.49,458.3 1 0
github.com/mrsubudei/chat-bot-backend/appointment-service/internal/repository/postgres/events.go:458.8,458.23 1 1
github.com/mrsubudei/chat-bot-backend/appointment-service/internal/repository/postgres/events.go:458.23,460.3 1 1
github.com/mrsubudei/chat-bot-backend/appointment-service/internal/repository/postgres/events.go:461.25,463.3 1 0
github.com/mrsubudei/chat-bot-backend/appointment-service/internal/repository/postgres/events.go:472.16,474.3 1 0
github.com/mrsubudei/chat-bot-backend/appointment-service/internal/repository/postgres/events.go:477.29,479.3 1 0
github.com/mrsubudei/chat-bot-backend/appointment-service/internal/repository/postgres/events.go:482.16,484.3 1 0
github.com/mrsubudei/chat-bot-backend/appointment-service/internal/service/events.go:18.62,20.2 1 1
github.com/mrsubudei/chat-bot-backend/appointment-service/internal/service/events.go:22.88,24.16 2 1
github.com/mrsubudei/chat-bot-backend/appointment-service/internal/service/events.go:30.2,30.12 1 1
github.com/mrsubudei/chat-bot-backend/appointment-service/internal/service/events.go:24.16,25.53 1 1
github.com/mrsubudei/chat-bot-backend/appointment-service/internal/service/events.go:28.3,28.75 1 0
github.com/mrsubudei/chat-bot-backend/appointment-service/internal/service/events.go:25.53,27.4 1 1
github.com/mrsubudei/chat-bot-backend/appointment-service/internal/service/events.go:33.96,35.16 2 1
github.com/mrsubudei/chat-bot-backend/appointment-service/internal/service/events.go:41.2,41.20 1 1
github.com/mrsubudei/chat-bot-backend/appointment-service/internal/service/events.go:35.16,36.51 1 1
github.com/mrsubudei/chat-bot-backend/appointment-service/internal/service/events.go:39.3,39.66 1 0
github.com/mrsubudei/chat-bot-backend/appointment-service/internal/service/events.go:36.51,38.4 1 1
github.com/mrsubudei/chat-bot-backend/appointment-service/internal/service/events.go:46.26,48.16 2 1
github.com/mrsubudei/chat-bot-backend/appointment-service/internal/service/events.go:55.2,55.21 1 1
github.com/mrsubudei/chat-bot-backend/appointment-service/internal/service/events.go:48.16,49.51 1 1
github.com/mrsubudei/chat-bot-backend/appointment-service/internal/service/events.go:52.3,52.81 1 0
github.com/mrsubudei/chat-bot-backend/appointment-service/internal/service/events.go:49.51,51.4 1 1
github.com/mrsubudei/chat-bot-backend/appointment-service/internal/service/events.go:58.82,60.16 2 1
github.com/mrsubudei/chat-bot-backend/appointment-service/internal/service/events.go:66.2,66.12 1 1
github.com/mrsubudei/chat-bot-backend/appointment-service/internal/service/events.go:60.16,61.52 1 1
github.com/mrsubudei/chat-bot-backend/appointment-service/internal/service/events.go:64.3,64.76 1 0
github.com/mrsubudei/chat-bot-backend/appointment-service/internal/service/events.go:61.52,63.4 1 1
github.com/mrsubudei/chat-bot-backend/appointment-service/internal/service/events.go:69.86,71.16 2 1
github.com/mrsubudei/chat-bot-backend/appointment-service/internal/service/events.go:75.2,75.21 1 1
github.com/mrsubudei/chat-bot-backend/appointment-service/internal/service/events.go:71.16,73.3 1 0
github.com/mrsubudei/chat-bot-backend/appointment-service/internal/service/events.go:80.22,94.25 11 1
github.com/mrsubudei/chat-bot-backend/appointment-service/internal/service/events.go:136.2,137.16 2 1
github.com/mrsubudei/chat-bot-backend/appointment-service/internal/service/events.go:149.2,149.24 1 1
github.com/mrsubudei/chat-bot-backend/appointment-service/internal/service/events.go:94.25,97.17 3 1
github.com/mrsubudei/chat-bot-backend/appointment-service/internal/service/events.go:101.3,102.17 2 1
github.com/mrsubudei/chat-bot-backend/appointment-service/internal/service/events.go:106.3,107.17 2 1
github.com/mrsubudei/chat-bot-backend/appointment-service/internal/service/events.go:111.3,112.17 2 1
github.com/mrsubudei/chat-bot-backend/appointment-service/internal/service/events.go:116.3,117.56 2 1
github.com/mrsubudei/chat-bot-backend/appointment-service/internal/service/events.go:133.3,133.33 1 1
github.com/mrsubudei/chat-bot-backend/appointment-service/internal/service/events.go:97.17,99.4 1 0
github.com/mrsubudei/chat-bot-backend/appointment-service/internal/service/events.go:102.17,104.4 1 0
github.com/mrsubudei/chat-bot-backend/appointment-service/internal/service/events.go:107.17,109.4 1 0
github.com/mrsubudei/chat-bot-backend/appointment-service/internal/service/events.go:112.17,114.4 1 0
github.com/mrsubudei/chat-bot-backend/appointment-service/internal/service/events.go:117.56,118.11 1 0
github.com/mrsubudei/chat-bot-backend/appointment-service/internal/service/events.go:124.4,127.49 4 0
github.com/mrsubudei/chat-bot-backend/appointment-service/internal/service/events.go:118.11,119.53 1 0
github.com/mrsubudei/chat-bot-backend/appointment-service/internal/service/events.go:119.53,122.6 2 0
github.com/mrsubudei/chat-bot-backend/appointment-service/internal/service/events.go:127.49,130.5 2 0
github.com/mrsubudei/chat-bot-backend/appointment-service/internal/service/events.go:137.16,138.51 1 1
github.com/mrsubudei/chat-bot-backend/appointment-service/internal/service/events.go:146.3,146.91 1 0
github.com/mrsubudei/chat-bot-backend/appointment-service/internal/service/events.go:138.51,141.18 3 1
github.com/mrsubudei/chat-bot-backend/appointment-service/internal/service/events.go:144.4,144.22 1 1
github.com/mrsubudei/chat-bot-backend/appointment-service/internal/service/events.go:141.18,143.5 1 0
github.com/mrsubudei/chat-bot-backend/appointment-service/internal/service/events.go:154.27,156.16 2 1
github.com/mrsubudei/chat-bot-backend/appointment-service/internal/service/events.go:160.2,160.20 1 1
github.com/mrsubudei/chat-bot-backend/appointment-service/internal/service/events.go:156.16,158.3 1 0
github.com/mrsubudei/chat-bot-backend/appointment-service/internal/service/events.go:165.27,167.16 2 1
github.com/mrsubudei/chat-bot-backend/appointment-service/internal/service/events.go:171.2,171.20 1 1
github.com/mrsubudei/chat-bot-backend/appointment-service/internal/service/events.go:167.16,169.3 1 0
github.com/mrsubudei/chat-bot-backend/appointment-service/internal/service/events.go:176.27,178.16 2 1
github.com/mrsubudei/chat-bot-backend/appointment-service/internal/service/events.go:182.2,182.20 1 1
github.com/mrsubudei/chat-bot-backend/appointment-service/internal/service/events.go:178.16,180.3 1 0
github.com/mrsubudei/chat-bot-backend/appointment-service/internal/service/events.go:187.27,189.16 2 1
github.com/mrsubudei/chat-bot-backend/appointment-service/internal/service/events.go:193.2,193.20 1 1
github.com/mrsubudei/chat-bot-backend/appointment-service/internal/service/events.go:189.16,191.3 1 0
github.com/mrsubudei/chat-bot-backend/appointment-service/internal/service/events.go:198.25,200.16 2 1
github.com/mrsubudei/chat-bot-backend/appointment-service/internal/service/events.go:208.2,208.21 1 1
github.com/mrsubudei/chat-bot-backend/appointment-service/internal/service/events.go:200.16,202.51 1 1
github.com/mrsubudei/chat-bot-backend/appointment-service/internal/service/events.go:205.3,205.73 1 0
github.com/mrsubudei/chat-bot-backend/appointment-service/internal/service/events.go:202.51,204.4 1 1
github.com/mrsubudei/chat-bot-backend/appointment-service/internal/service/events.go:213.9,215.16 2 1
github.com/mrsubudei/chat-bot-backend/appointment-service/internal/service/events.go:223.2,223.12 1 1
github.com/mrsubudei/chat-bot-backend/appointment-service/internal/service/events.go:215.16,217.49 1 1
github.com/mrsubudei/chat-bot-backend/appointment-service/internal/service/events.go:220.3,220.64 1 0
github.com/mrsubudei/chat-bot-backend/appointment-service/internal/service/events.go:217.49,219.4 1 1
