mode: set
github.com/mrsubudei/chat-bot-backend/appointment-service/internal/repository/postgres/events.go:17.44,19.2 1 1
github.com/mrsubudei/chat-bot-backend/appointment-service/internal/repository/postgres/events.go:21.84,26.16 2 1
github.com/mrsubudei/chat-bot-backend/appointment-service/internal/repository/postgres/events.go:30.2,31.29 2 1
github.com/mrsubudei/chat-bot-backend/appointment-service/internal/repository/postgres/events.go:35.2,35.12 1 1
github.com/mrsubudei/chat-bot-backend/appointment-service/internal/repository/postgres/events.go:26.16,28.3 1 0
github.com/mrsubudei/chat-bot-backend/appointment-service/internal/repository/postgres/events.go:31.29,33.3 1 0
github.com/mrsubudei/chat-bot-backend/appointment-service/internal/repository/postgres/events.go:38.93,43.16 4 1
github.com/mrsubudei/chat-bot-backend/appointment-service/internal/repository/postgres/events.go:46.2,49.50 3 1
github.com/mrsubudei/chat-bot-backend/appointment-service/internal/repository/postgres/events.go:55.2,55.36 1 1
github.com/mrsubudei/chat-bot-backend/appointment-service/internal/repository/postgres/events.go:59.2,59.20 1 1
github.com/mrsubudei/chat-bot-backend/appointment-service/internal/repository/postgres/events.go:43.16,45.3 1 0
github.com/mrsubudei/chat-bot-backend/appointment-service/internal/repository/postgres/events.go:49.50,51.3 1 0
github.com/mrsubudei/chat-bot-backend/appointment-service/internal/repository/postgres/events.go:51.8,51.23 1 1
github.com/mrsubudei/chat-bot-backend/appointment-service/internal/repository/postgres/events.go:51.23,53.3 1 1
github.com/mrsubudei/chat-bot-backend/appointment-service/internal/repository/postgres/events.go:55.36,57.3 1 0
github.com/mrsubudei/chat-bot-backend/appointment-service/internal/repository/postgres/events.go:63.41,77.35 6 1
github.com/mrsubudei/chat-bot-backend/appointment-service/internal/repository/postgres/events.go:82.2,84.20 2 1
github.com/mrsubudei/chat-bot-backend/appointment-service/internal/repository/postgres/events.go:77.35,79.3 1 0
github.com/mrsubudei/chat-bot-backend/appointment-service/internal/repository/postgres/events.go:79.8,79.23 1 1
github.com/mrsubudei/chat-bot-backend/appointment-service/internal/repository/postgres/events.go:79.23,81.3 1 1
github.com/mrsubudei/chat-bot-backend/appointment-service/internal/repository/postgres/events.go:88.47,91.16 2 1
github.com/mrsubudei/chat-bot-backend/appointment-service/internal/repository/postgres/events.go:94.2,97.50 3 1
github.com/mrsubudei/chat-bot-backend/appointment-service/internal/repository/postgres/events.go:103.2,103.23 1 1
github.com/mrsubudei/chat-bot-backend/appointment-service/internal/repository/postgres/events.go:106.2,106.26 1 1
github.com/mrsubudei/chat-bot-backend/appointment-service/internal/repository/postgres/events.go:109.2,109.24 1 1
github.com/mrsubudei/chat-bot-backend/appointment-service/internal/repository/postgres/events.go:113.2,121.16 3 1
github.com/mrsubudei/chat-bot-backend/appointment-service/internal/repository/postgres/events.go:125.2,126.29 2 1
github.com/mrsubudei/chat-bot-backend/appointment-service/internal/repository/postgres/events.go:130.2,131.16 2 1
github.com/mrsubudei/chat-bot-backend/appointment-service/internal/repository/postgres/events.go:135.2,135.36 1 1
github.com/mrsubudei/chat-bot-backend/appointment-service/internal/repository/postgres/events.go:139.2,139.21 1 1
github.com/mrsubudei/chat-bot-backend/appointment-service/internal/repository/postgres/events.go:91.16,93.3 1 0
github.com/mrsubudei/chat-bot-backend/appointment-service/internal/repository/postgres/events.go:97.50,99.3 1 0
github.com/mrsubudei/chat-bot-backend/appointment-service/internal/repository/postgres/events.go:99.8,99.23 1 1
github.com/mrsubudei/chat-bot-backend/appointment-service/internal/repository/postgres/events.go:99.23,101.3 1 0
github.com/mrsubudei/chat-bot-backend/appointment-service/internal/repository/postgres/events.go:103.23,105.3 1 0
github.com/mrsubudei/chat-bot-backend/appointment-service/internal/repository/postgres/events.go:106.26,108.3 1 0
github.com/mrsubudei/chat-bot-backend/appointment-service/internal/repository/postgres/events.go:109.24,111.3 1 0
github.com/mrsubudei/chat-bot-backend/appointment-service/internal/repository/postgres/events.go:121.16,123.3 1 1
github.com/mrsubudei/chat-bot-backend/appointment-service/internal/repository/postgres/events.go:126.29,128.3 1 0
github.com/mrsubudei/chat-bot-backend/appointment-service/internal/repository/postgres/events.go:131.16,133.3 1 0
github.com/mrsubudei/chat-bot-backend/appointment-service/internal/repository/postgres/events.go:135.36,137.3 1 0
github.com/mrsubudei/chat-bot-backend/appointment-service/internal/repository/postgres/events.go:142.73,147.16 2 1
github.com/mrsubudei/chat-bot-backend/appointment-service/internal/repository/postgres/events.go:151.2,152.29 2 1
github.com/mrsubudei/chat-bot-backend/appointment-service/internal/repository/postgres/events.go:156.2,156.12 1 1
github.com/mrsubudei/chat-bot-backend/appointment-service/internal/repository/postgres/events.go:147.16,149.3 1 0
github.com/mrsubudei/chat-bot-backend/appointment-service/internal/repository/postgres/events.go:152.29,154.3 1 0
github.com/mrsubudei/chat-bot-backend/appointment-service/internal/repository/postgres/events.go:159.82,166.16 3 1
github.com/mrsubudei/chat-bot-backend/appointment-service/internal/repository/postgres/events.go:169.2,172.16 3 1
github.com/mrsubudei/chat-bot-backend/appointment-service/internal/repository/postgres/events.go:176.2,176.18 1 1
github.com/mrsubudei/chat-bot-backend/appointment-service/internal/repository/postgres/events.go:187.2,187.21 1 1
github.com/mrsubudei/chat-bot-backend/appointment-service/internal/repository/postgres/events.go:166.16,168.3 1 0
github.com/mrsubudei/chat-bot-backend/appointment-service/internal/repository/postgres/events.go:172.16,174.3 1 0
github.com/mrsubudei/chat-bot-backend/appointment-service/internal/repository/postgres/events.go:176.18,180.17 4 1
github.com/mrsubudei/chat-bot-backend/appointment-service/internal/repository/postgres/events.go:183.3,184.36 2 1
github.com/mrsubudei/chat-bot-backend/appointment-service/internal/repository/postgres/events.go:180.17,182.4 1 0
github.com/mrsubudei/chat-bot-backend/appointment-service/internal/repository/postgres/events.go:190.100,194.16 3 1
github.com/mrsubudei/chat-bot-backend/appointment-service/internal/repository/postgres/events.go:197.2,199.76 2 1
github.com/mrsubudei/chat-bot-backend/appointment-service/internal/repository/postgres/events.go:206.2,210.16 2 1
github.com/mrsubudei/chat-bot-backend/appointment-service/internal/repository/postgres/events.go:213.2,215.27 2 1
github.com/mrsubudei/chat-bot-backend/appointment-service/internal/repository/postgres/events.go:226.2,227.16 2 1
github.com/mrsubudei/chat-bot-backend/appointment-service/internal/repository/postgres/events.go:231.2,231.18 1 1
github.com/mrsubudei/chat-bot-backend/appointment-service/internal/repository/postgres/events.go:194.16,196.3 1 0
github.com/mrsubudei/chat-bot-backend/appointment-service/internal/repository/postgres/events.go:199.76,200.51 1 1
github.com/mrsubudei/chat-bot-backend/appointment-service/internal/repository/postgres/events.go:203.3,203.66 1 1
github.com/mrsubudei/chat-bot-backend/appointment-service/internal/repository/postgres/events.go:200.51,202.4 1 0
github.com/mrsubudei/chat-bot-backend/appointment-service/internal/repository/postgres/events.go:210.16,212.3 1 0
github.com/mrsubudei/chat-bot-backend/appointment-service/internal/repository/postgres/events.go:215.27,217.17 2 1
github.com/mrsubudei/chat-bot-backend/appointment-service/internal/repository/postgres/events.go:220.3,221.34 2 1
github.com/mrsubudei/chat-bot-backend/appointment-service/internal/repository/postgres/events.go:217.17,219.4 1 0
github.com/mrsubudei/chat-bot-backend/appointment-service/internal/repository/postgres/events.go:221.34,223.4 1 0
github.com/mrsubudei/chat-bot-backend/appointment-service/internal/repository/postgres/events.go:227.16,229.3 1 0
github.com/mrsubudei/chat-bot-backend/appointment-service/internal/repository/postgres/events.go:235.56,242.16 3 1
github.com/mrsubudei/chat-bot-backend/appointment-service/internal/repository/postgres/events.go:245.2,246.27 2 1
github.com/mrsubudei/chat-bot-backend/appointment-service/internal/repository/postgres/events.go:260.2,260.18 1 1
github.com/mrsubudei/chat-bot-backend/appointment-service/internal/repository/postgres/events.go:242.16,244.3 1 0
github.com/mrsubudei/chat-bot-backend/appointment-service/internal/repository/postgres/events.go:246.27,248.17 2 1
github.com/mrsubudei/chat-bot-backend/appointment-service/internal/repository/postgres/events.go:251.3,253.17 3 1
github.com/mrsubudei/chat-bot-backend/appointment-service/internal/repository/postgres/events.go:256.3,256.12 1 1
github.com/mrsubudei/chat-bot-backend/appointment-service/internal/repository/postgres/events.go:248.17,250.4 1 0
github.com/mrsubudei/chat-bot-backend/appointment-service/internal/repository/postgres/events.go:253.17,255.4 1 1
github.com/mrsubudei/chat-bot-backend/appointment-service/internal/repository/postgres/events.go:256.12,258.4 1 0
github.com/mrsubudei/chat-bot-backend/appointment-service/internal/repository/postgres/events.go:264.42,272.16 3 1
github.com/mrsubudei/chat-bot-backend/appointment-service/internal/repository/postgres/events.go:275.2,277.18 2 1
github.com/mrsubudei/chat-bot-backend/appointment-service/internal/repository/postgres/events.go:287.2,287.20 1 1
github.com/mrsubudei/chat-bot-backend/appointment-service/internal/repository/postgres/events.go:272.16,274.3 1 0
github.com/mrsubudei/chat-bot-backend/appointment-service/internal/repository/postgres/events.go:277.18,280.17 3 1
github.com/mrsubudei/chat-bot-backend/appointment-service/internal/repository/postgres/events.go:284.3,284.33 1 1
github.com/mrsubudei/chat-bot-backend/appointment-service/internal/repository/postgres/events.go:280.17,282.4 1 0
github.com/mrsubudei/chat-bot-backend/appointment-service/internal/repository/postgres/events.go:291.42,299.16 3 1
github.com/mrsubudei/chat-bot-backend/appointment-service/internal/repository/postgres/events.go:302.2,304.18 2 1
github.com/mrsubudei/chat-bot-backend/appointment-service/internal/repository/postgres/events.go:315.2,315.20 1 1
github.com/mrsubudei/chat-bot-backend/appointment-service/internal/repository/postgres/events.go:299.16,301.3 1 0
github.com/mrsubudei/chat-bot-backend/appointment-service/internal/repository/postgres/events.go:304.18,308.17 3 1
github.com/mrsubudei/chat-bot-backend/appointment-service/internal/repository/postgres/events.go:312.3,312.33 1 1
github.com/mrsubudei/chat-bot-backend/appointment-service/internal/repository/postgres/events.go:308.17,310.4 1 0
github.com/mrsubudei/chat-bot-backend/appointment-service/internal/repository/postgres/events.go:319.42,327.16 3 1
github.com/mrsubudei/chat-bot-backend/appointment-service/internal/repository/postgres/events.go:330.2,332.18 2 1
github.com/mrsubudei/chat-bot-backend/appointment-service/internal/repository/postgres/events.go:343.2,343.20 1 1
github.com/mrsubudei/chat-bot-backend/appointment-service/internal/repository/postgres/events.go:327.16,329.3 1 0
github.com/mrsubudei/chat-bot-backend/appointment-service/internal/repository/postgres/events.go:332.18,336.17 3 1
github.com/mrsubudei/chat-bot-backend/appointment-service/internal/repository/postgres/events.go:340.3,340.33 1 1
github.com/mrsubudei/chat-bot-backend/appointment-service/internal/repository/postgres/events.go:336.17,338.4 1 0
github.com/mrsubudei/chat-bot-backend/appointment-service/internal/repository/postgres/events.go:347.42,355.16 3 1
github.com/mrsubudei/chat-bot-backend/appointment-service/internal/repository/postgres/events.go:358.2,360.18 2 1
github.com/mrsubudei/chat-bot-backend/appointment-service/internal/repository/postgres/events.go:371.2,371.20 1 1
github.com/mrsubudei/chat-bot-backend/appointment-service/internal/repository/postgres/events.go:355.16,357.3 1 0
github.com/mrsubudei/chat-bot-backend/appointment-service/internal/repository/postgres/events.go:360.18,364.17 3 1
github.com/mrsubudei/chat-bot-backend/appointment-service/internal/repository/postgres/events.go:368.3,368.33 1 1
github.com/mrsubudei/chat-bot-backend/appointment-service/internal/repository/postgres/events.go:364.17,366.4 1 0
github.com/mrsubudei/chat-bot-backend/appointment-service/internal/repository/postgres/events.go:374.106,386.35 6 1
github.com/mrsubudei/chat-bot-backend/appointment-service/internal/repository/postgres/events.go:391.2,393.19 2 1
github.com/mrsubudei/chat-bot-backend/appointment-service/internal/repository/postgres/events.go:386.35,388.3 1 0
github.com/mrsubudei/chat-bot-backend/appointment-service/internal/repository/postgres/events.go:388.8,388.23 1 1
github.com/mrsubudei/chat-bot-backend/appointment-service/internal/repository/postgres/events.go:388.23,390.3 1 1
github.com/mrsubudei/chat-bot-backend/appointment-service/internal/repository/postgres/events.go:396.98,399.16 3 1
github.com/mrsubudei/chat-bot-backend/appointment-service/internal/repository/postgres/events.go:402.2,405.49 3 1
github.com/mrsubudei/chat-bot-backend/appointment-service/internal/repository/postgres/events.go:411.2,411.25 1 1
github.com/mrsubudei/chat-bot-backend/appointment-service/internal/repository/postgres/events.go:415.2,422.16 3 1
github.com/mrsubudei/chat-bot-backend/appointment-service/internal/repository/postgres/events.go:426.2,427.29 2 1
github.com/mrsubudei/chat-bot-backend/appointment-service/internal/repository/postgres/events.go:431.2,432.16 2 1
github.com/mrsubudei/chat-bot-backend/appointment-service/internal/repository/postgres/events.go:436.2,437.16 2 1
github.com/mrsubudei/chat-bot-backend/appointment-service/internal/repository/postgres/events.go:441.2,441.18 1 1
github.com/mrsubudei/chat-bot-backend/appointment-service/internal/repository/postgres/events.go:399.16,401.3 1 0
github.com/mrsubudei/chat-bot-backend/appointment-service/internal/repository/postgres/events.go:405.49,407.3 1 1
github.com/mrsubudei/chat-bot-backend/appointment-service/internal/repository/postgres/events.go:407.8,407.23 1 1
github.com/mrsubudei/chat-bot-backend/appointment-service/internal/repository/postgres/events.go:407.23,409.3 1 0
github.com/mrsubudei/chat-bot-backend/appointment-service/internal/repository/postgres/events.go:411.25,413.3 1 0
github.com/mrsubudei/chat-bot-backend/appointment-service/internal/repository/postgres/events.go:422.16,424.3 1 0
github.com/mrsubudei/chat-bot-backend/appointment-service/internal/repository/postgres/events.go:427.29,429.3 1 0
github.com/mrsubudei/chat-bot-backend/appointment-service/internal/repository/postgres/events.go:432.16,434.3 1 0
github.com/mrsubudei/chat-bot-backend/appointment-service/internal/repository/postgres/events.go:437.16,439.3 1 0
github.com/mrsubudei/chat-bot-backend/appointment-service/internal/repository/postgres/events.go:444.81,446.16 2 1
github.com/mrsubudei/chat-bot-backend/appointment-service/internal/repository/postgres/events.go:449.2,452.49 3 1
github.com/mrsubudei/chat-bot-backend/appointment-service/internal/repository/postgres/events.go:457.2,457.25 1 1
github.com/mrsubudei/chat-bot-backend/appointment-service/internal/repository/postgres/events.go:461.2,468.16 3 1
github.com/mrsubudei/chat-bot-backend/appointment-service/internal/repository/postgres/events.go:472.2,473.29 2 1
github.com/mrsubudei/chat-bot-backend/appointment-service/internal/repository/postgres/events.go:477.2,478.16 2 1
github.com/mrsubudei/chat-bot-backend/appointment-service/internal/repository/postgres/events.go:482.2,482.12 1 1
github.com/mrsubudei/chat-bot-backend/appointment-service/internal/repository/postgres/events.go:446.16,448.3 1 0
github.com/mrsubudei/chat-bot-backend/appointment-service/internal/repository/postgres/events.go:452.49,454.3 1 0
github.com/mrsubudei/chat-bot-backend/appointment-service/internal/repository/postgres/events.go:454.8,454.23 1 1
github.com/mrsubudei/chat-bot-backend/appointment-service/internal/repository/postgres/events.go:454.23,456.3 1 1
github.com/mrsubudei/chat-bot-backend/appointment-service/internal/repository/postgres/events.go:457.25,459.3 1 0
github.com/mrsubudei/chat-bot-backend/appointment-service/internal/repository/postgres/events.go:468.16,470.3 1 0
github.com/mrsubudei/chat-bot-backend/appointment-service/internal/repository/postgres/events.go:473.29,475.3 1 0
github.com/mrsubudei/chat-bot-backend/appointment-service/internal/repository/postgres/events.go:478.16,480.3 1 0
